{"C:\\Users\\nicka\\OneDrive\\Documents\\CSC307\\CSC307-ScreenSquad\\expressjs-backend\\models\\movie-review.js": {"path":"C:\\Users\\nicka\\OneDrive\\Documents\\CSC307\\CSC307-ScreenSquad\\expressjs-backend\\models\\movie-review.js","statementMap":{"0":{"start":{"line":1,"column":17},"end":{"line":1,"column":36}},"1":{"start":{"line":4,"column":26},"end":{"line":28,"column":1}},"2":{"start":{"line":30,"column":20},"end":{"line":30,"column":68}},"3":{"start":{"line":32,"column":0},"end":{"line":32,"column":29}}},"fnMap":{},"branchMap":{},"s":{"0":1,"1":1,"2":1,"3":1},"f":{},"b":{},"_coverageSchema":"1a1c01bbd47fc00a2c39e90264f33305004495a9","hash":"59f3c473dbfaecb2dcbe3f7344cc97f90c0e5e5c"}
,"C:\\Users\\nicka\\OneDrive\\Documents\\CSC307\\CSC307-ScreenSquad\\expressjs-backend\\models\\user-services.js": {"path":"C:\\Users\\nicka\\OneDrive\\Documents\\CSC307\\CSC307-ScreenSquad\\expressjs-backend\\models\\user-services.js","statementMap":{"0":{"start":{"line":1,"column":17},"end":{"line":1,"column":36}},"1":{"start":{"line":2,"column":18},"end":{"line":2,"column":35}},"2":{"start":{"line":3,"column":15},"end":{"line":3,"column":32}},"3":{"start":{"line":4,"column":15},"end":{"line":4,"column":32}},"4":{"start":{"line":5,"column":19},"end":{"line":5,"column":40}},"5":{"start":{"line":7,"column":0},"end":{"line":7,"column":16}},"6":{"start":{"line":9,"column":0},"end":{"line":26,"column":40}},"7":{"start":{"line":26,"column":20},"end":{"line":26,"column":38}},"8":{"start":{"line":47,"column":15},"end":{"line":47,"column":37}},"9":{"start":{"line":48,"column":2},"end":{"line":48,"column":16}},"10":{"start":{"line":53,"column":2},"end":{"line":60,"column":3}},"11":{"start":{"line":54,"column":15},"end":{"line":54,"column":48}},"12":{"start":{"line":56,"column":4},"end":{"line":56,"column":16}},"13":{"start":{"line":58,"column":4},"end":{"line":58,"column":23}},"14":{"start":{"line":59,"column":4},"end":{"line":59,"column":21}},"15":{"start":{"line":64,"column":2},"end":{"line":81,"column":3}},"16":{"start":{"line":66,"column":25},"end":{"line":66,"column":58}},"17":{"start":{"line":67,"column":4},"end":{"line":70,"column":5}},"18":{"start":{"line":69,"column":6},"end":{"line":69,"column":35}},"19":{"start":{"line":73,"column":20},"end":{"line":73,"column":39}},"20":{"start":{"line":74,"column":4},"end":{"line":74,"column":25}},"21":{"start":{"line":76,"column":4},"end":{"line":76,"column":42}},"22":{"start":{"line":78,"column":4},"end":{"line":78,"column":23}},"23":{"start":{"line":80,"column":4},"end":{"line":80,"column":26}},"24":{"start":{"line":85,"column":2},"end":{"line":107,"column":3}},"25":{"start":{"line":87,"column":17},"end":{"line":87,"column":45}},"26":{"start":{"line":88,"column":4},"end":{"line":90,"column":5}},"27":{"start":{"line":89,"column":6},"end":{"line":89,"column":40}},"28":{"start":{"line":92,"column":12},"end":{"line":92,"column":13}},"29":{"start":{"line":93,"column":4},"end":{"line":99,"column":5}},"30":{"start":{"line":94,"column":28},"end":{"line":94,"column":35}},"31":{"start":{"line":95,"column":26},"end":{"line":95,"column":82}},"32":{"start":{"line":96,"column":6},"end":{"line":98,"column":7}},"33":{"start":{"line":97,"column":8},"end":{"line":97,"column":14}},"34":{"start":{"line":100,"column":4},"end":{"line":102,"column":5}},"35":{"start":{"line":101,"column":6},"end":{"line":101,"column":40}},"36":{"start":{"line":103,"column":4},"end":{"line":103,"column":29}},"37":{"start":{"line":105,"column":4},"end":{"line":105,"column":23}},"38":{"start":{"line":106,"column":4},"end":{"line":106,"column":26}},"39":{"start":{"line":111,"column":2},"end":{"line":117,"column":3}},"40":{"start":{"line":112,"column":25},"end":{"line":112,"column":74}},"41":{"start":{"line":113,"column":4},"end":{"line":113,"column":24}},"42":{"start":{"line":115,"column":4},"end":{"line":115,"column":23}},"43":{"start":{"line":116,"column":4},"end":{"line":116,"column":17}},"44":{"start":{"line":122,"column":2},"end":{"line":122,"column":48}},"45":{"start":{"line":127,"column":2},"end":{"line":136,"column":3}},"46":{"start":{"line":128,"column":25},"end":{"line":130,"column":6}},"47":{"start":{"line":131,"column":4},"end":{"line":131,"column":37}},"48":{"start":{"line":132,"column":4},"end":{"line":132,"column":24}},"49":{"start":{"line":134,"column":4},"end":{"line":134,"column":23}},"50":{"start":{"line":135,"column":4},"end":{"line":135,"column":17}},"51":{"start":{"line":143,"column":2},"end":{"line":173,"column":3}},"52":{"start":{"line":145,"column":17},"end":{"line":145,"column":58}},"53":{"start":{"line":146,"column":4},"end":{"line":148,"column":5}},"54":{"start":{"line":147,"column":6},"end":{"line":147,"column":16}},"55":{"start":{"line":150,"column":4},"end":{"line":150,"column":35}},"56":{"start":{"line":153,"column":4},"end":{"line":153,"column":22}},"57":{"start":{"line":155,"column":22},"end":{"line":161,"column":6}},"58":{"start":{"line":163,"column":4},"end":{"line":168,"column":7}},"59":{"start":{"line":169,"column":4},"end":{"line":169,"column":14}},"60":{"start":{"line":171,"column":4},"end":{"line":171,"column":23}},"61":{"start":{"line":172,"column":4},"end":{"line":172,"column":15}},"62":{"start":{"line":180,"column":0},"end":{"line":180,"column":36}},"63":{"start":{"line":181,"column":0},"end":{"line":181,"column":26}},"64":{"start":{"line":182,"column":0},"end":{"line":182,"column":32}},"65":{"start":{"line":183,"column":0},"end":{"line":183,"column":30}},"66":{"start":{"line":184,"column":0},"end":{"line":184,"column":34}},"67":{"start":{"line":185,"column":0},"end":{"line":185,"column":28}},"68":{"start":{"line":186,"column":0},"end":{"line":186,"column":42}},"69":{"start":{"line":187,"column":0},"end":{"line":187,"column":40}}},"fnMap":{"0":{"name":"(anonymous_0)","decl":{"start":{"line":26,"column":9},"end":{"line":26,"column":10}},"loc":{"start":{"line":26,"column":20},"end":{"line":26,"column":38}},"line":26},"1":{"name":"getAllUsers","decl":{"start":{"line":46,"column":15},"end":{"line":46,"column":26}},"loc":{"start":{"line":46,"column":29},"end":{"line":49,"column":1}},"line":46},"2":{"name":"findUserById","decl":{"start":{"line":52,"column":15},"end":{"line":52,"column":27}},"loc":{"start":{"line":52,"column":32},"end":{"line":61,"column":1}},"line":52},"3":{"name":"addUser","decl":{"start":{"line":63,"column":15},"end":{"line":63,"column":22}},"loc":{"start":{"line":63,"column":29},"end":{"line":82,"column":1}},"line":63},"4":{"name":"loginUser","decl":{"start":{"line":84,"column":15},"end":{"line":84,"column":24}},"loc":{"start":{"line":84,"column":41},"end":{"line":108,"column":1}},"line":84},"5":{"name":"removeUser","decl":{"start":{"line":110,"column":15},"end":{"line":110,"column":25}},"loc":{"start":{"line":110,"column":35},"end":{"line":118,"column":1}},"line":110},"6":{"name":"findUserByEmail","decl":{"start":{"line":121,"column":15},"end":{"line":121,"column":30}},"loc":{"start":{"line":121,"column":38},"end":{"line":123,"column":1}},"line":121},"7":{"name":"editUser","decl":{"start":{"line":126,"column":15},"end":{"line":126,"column":23}},"loc":{"start":{"line":126,"column":37},"end":{"line":137,"column":1}},"line":126},"8":{"name":"forgotPassword","decl":{"start":{"line":142,"column":15},"end":{"line":142,"column":29}},"loc":{"start":{"line":142,"column":65},"end":{"line":175,"column":1}},"line":142}},"branchMap":{"0":{"loc":{"start":{"line":67,"column":4},"end":{"line":70,"column":5}},"type":"if","locations":[{"start":{"line":67,"column":4},"end":{"line":70,"column":5}},{"start":{},"end":{}}],"line":67},"1":{"loc":{"start":{"line":88,"column":4},"end":{"line":90,"column":5}},"type":"if","locations":[{"start":{"line":88,"column":4},"end":{"line":90,"column":5}},{"start":{},"end":{}}],"line":88},"2":{"loc":{"start":{"line":96,"column":6},"end":{"line":98,"column":7}},"type":"if","locations":[{"start":{"line":96,"column":6},"end":{"line":98,"column":7}},{"start":{},"end":{}}],"line":96},"3":{"loc":{"start":{"line":100,"column":4},"end":{"line":102,"column":5}},"type":"if","locations":[{"start":{"line":100,"column":4},"end":{"line":102,"column":5}},{"start":{},"end":{}}],"line":100},"4":{"loc":{"start":{"line":146,"column":4},"end":{"line":148,"column":5}},"type":"if","locations":[{"start":{"line":146,"column":4},"end":{"line":148,"column":5}},{"start":{},"end":{}}],"line":146}},"s":{"0":1,"1":1,"2":1,"3":1,"4":1,"5":1,"6":1,"7":0,"8":1,"9":1,"10":2,"11":2,"12":1,"13":1,"14":1,"15":2,"16":2,"17":2,"18":1,"19":1,"20":1,"21":1,"22":0,"23":0,"24":0,"25":0,"26":0,"27":0,"28":0,"29":0,"30":0,"31":0,"32":0,"33":0,"34":0,"35":0,"36":0,"37":0,"38":0,"39":2,"40":2,"41":2,"42":0,"43":0,"44":6,"45":2,"46":2,"47":1,"48":1,"49":1,"50":1,"51":0,"52":0,"53":0,"54":0,"55":0,"56":0,"57":0,"58":0,"59":0,"60":0,"61":0,"62":1,"63":1,"64":1,"65":1,"66":1,"67":1,"68":1,"69":1},"f":{"0":0,"1":1,"2":2,"3":2,"4":0,"5":2,"6":6,"7":2,"8":0},"b":{"0":[1,1],"1":[0,0],"2":[0,0],"3":[0,0],"4":[0,0]},"_coverageSchema":"1a1c01bbd47fc00a2c39e90264f33305004495a9","hash":"e09be4329d2cd0c92848963b8dbbd1bdb1f19e6d"}
,"C:\\Users\\nicka\\OneDrive\\Documents\\CSC307\\CSC307-ScreenSquad\\expressjs-backend\\models\\user.js": {"path":"C:\\Users\\nicka\\OneDrive\\Documents\\CSC307\\CSC307-ScreenSquad\\expressjs-backend\\models\\user.js","statementMap":{"0":{"start":{"line":1,"column":17},"end":{"line":1,"column":36}},"1":{"start":{"line":3,"column":19},"end":{"line":38,"column":1}},"2":{"start":{"line":15,"column":8},"end":{"line":16,"column":79}},"3":{"start":{"line":16,"column":10},"end":{"line":16,"column":79}},"4":{"start":{"line":17,"column":8},"end":{"line":18,"column":82}},"5":{"start":{"line":18,"column":10},"end":{"line":18,"column":82}},"6":{"start":{"line":26,"column":8},"end":{"line":27,"column":73}},"7":{"start":{"line":27,"column":10},"end":{"line":27,"column":73}},"8":{"start":{"line":40,"column":19},"end":{"line":40,"column":53}},"9":{"start":{"line":42,"column":0},"end":{"line":42,"column":28}}},"fnMap":{"0":{"name":"(anonymous_0)","decl":{"start":{"line":14,"column":6},"end":{"line":14,"column":7}},"loc":{"start":{"line":14,"column":22},"end":{"line":19,"column":7}},"line":14},"1":{"name":"(anonymous_1)","decl":{"start":{"line":25,"column":6},"end":{"line":25,"column":7}},"loc":{"start":{"line":25,"column":22},"end":{"line":28,"column":7}},"line":25}},"branchMap":{"0":{"loc":{"start":{"line":15,"column":8},"end":{"line":16,"column":79}},"type":"if","locations":[{"start":{"line":15,"column":8},"end":{"line":16,"column":79}},{"start":{},"end":{}}],"line":15},"1":{"loc":{"start":{"line":17,"column":8},"end":{"line":18,"column":82}},"type":"if","locations":[{"start":{"line":17,"column":8},"end":{"line":18,"column":82}},{"start":{},"end":{}}],"line":17},"2":{"loc":{"start":{"line":17,"column":12},"end":{"line":17,"column":134}},"type":"binary-expr","locations":[{"start":{"line":17,"column":12},"end":{"line":17,"column":50}},{"start":{"line":17,"column":54},"end":{"line":17,"column":92}},{"start":{"line":17,"column":96},"end":{"line":17,"column":134}}],"line":17},"3":{"loc":{"start":{"line":26,"column":8},"end":{"line":27,"column":73}},"type":"if","locations":[{"start":{"line":26,"column":8},"end":{"line":27,"column":73}},{"start":{},"end":{}}],"line":26}},"s":{"0":1,"1":1,"2":4,"3":1,"4":3,"5":1,"6":4,"7":1,"8":1,"9":1},"f":{"0":4,"1":4},"b":{"0":[1,3],"1":[1,2],"2":[3,1,1],"3":[1,3]},"_coverageSchema":"1a1c01bbd47fc00a2c39e90264f33305004495a9","hash":"32237c54a0eac511d09275a26f8b16fbd7bb2ee3"}
}
