{"C:\\Users\\Hailey Terry\\Documents\\CLASS\\CSC307\\CSC307-ScreenSquad\\expressjs-backend\\controllers\\movie-review-services.js": {"path":"C:\\Users\\Hailey Terry\\Documents\\CLASS\\CSC307\\CSC307-ScreenSquad\\expressjs-backend\\controllers\\movie-review-services.js","statementMap":{"0":{"start":{"line":1,"column":17},"end":{"line":1,"column":36}},"1":{"start":{"line":2,"column":20},"end":{"line":2,"column":53}},"2":{"start":{"line":3,"column":15},"end":{"line":3,"column":32}},"3":{"start":{"line":4,"column":15},"end":{"line":4,"column":32}},"4":{"start":{"line":6,"column":0},"end":{"line":6,"column":16}},"5":{"start":{"line":8,"column":0},"end":{"line":16,"column":40}},"6":{"start":{"line":16,"column":20},"end":{"line":16,"column":38}},"7":{"start":{"line":19,"column":2},"end":{"line":19,"column":45}},"8":{"start":{"line":23,"column":2},"end":{"line":28,"column":3}},"9":{"start":{"line":24,"column":4},"end":{"line":24,"column":48}},"10":{"start":{"line":26,"column":4},"end":{"line":26,"column":23}},"11":{"start":{"line":27,"column":4},"end":{"line":27,"column":21}},"12":{"start":{"line":32,"column":2},"end":{"line":39,"column":3}},"13":{"start":{"line":33,"column":22},"end":{"line":33,"column":45}},"14":{"start":{"line":34,"column":4},"end":{"line":34,"column":27}},"15":{"start":{"line":35,"column":4},"end":{"line":35,"column":39}},"16":{"start":{"line":37,"column":4},"end":{"line":37,"column":23}},"17":{"start":{"line":38,"column":4},"end":{"line":38,"column":26}},"18":{"start":{"line":43,"column":2},"end":{"line":49,"column":3}},"19":{"start":{"line":44,"column":27},"end":{"line":44,"column":82}},"20":{"start":{"line":45,"column":4},"end":{"line":45,"column":26}},"21":{"start":{"line":47,"column":4},"end":{"line":47,"column":23}},"22":{"start":{"line":48,"column":4},"end":{"line":48,"column":17}},"23":{"start":{"line":64,"column":2},"end":{"line":64,"column":54}},"24":{"start":{"line":68,"column":2},"end":{"line":68,"column":52}},"25":{"start":{"line":71,"column":0},"end":{"line":79,"column":2}}},"fnMap":{"0":{"name":"(anonymous_0)","decl":{"start":{"line":16,"column":9},"end":{"line":16,"column":10}},"loc":{"start":{"line":16,"column":20},"end":{"line":16,"column":38}},"line":16},"1":{"name":"getReviews","decl":{"start":{"line":18,"column":15},"end":{"line":18,"column":25}},"loc":{"start":{"line":18,"column":35},"end":{"line":20,"column":1}},"line":18},"2":{"name":"findReviewById","decl":{"start":{"line":22,"column":15},"end":{"line":22,"column":29}},"loc":{"start":{"line":22,"column":40},"end":{"line":29,"column":1}},"line":22},"3":{"name":"addReview","decl":{"start":{"line":31,"column":15},"end":{"line":31,"column":24}},"loc":{"start":{"line":31,"column":33},"end":{"line":40,"column":1}},"line":31},"4":{"name":"editReview","decl":{"start":{"line":42,"column":15},"end":{"line":42,"column":25}},"loc":{"start":{"line":42,"column":39},"end":{"line":50,"column":1}},"line":42},"5":{"name":"findReviewsByMovieId","decl":{"start":{"line":63,"column":15},"end":{"line":63,"column":35}},"loc":{"start":{"line":63,"column":45},"end":{"line":65,"column":1}},"line":63},"6":{"name":"findReviewsByUserId","decl":{"start":{"line":67,"column":15},"end":{"line":67,"column":34}},"loc":{"start":{"line":67,"column":43},"end":{"line":69,"column":1}},"line":67}},"branchMap":{},"s":{"0":1,"1":1,"2":1,"3":1,"4":1,"5":1,"6":0,"7":1,"8":4,"9":4,"10":0,"11":0,"12":3,"13":3,"14":3,"15":1,"16":2,"17":2,"18":1,"19":1,"20":1,"21":0,"22":0,"23":1,"24":0,"25":1},"f":{"0":0,"1":1,"2":4,"3":3,"4":1,"5":1,"6":0},"b":{},"_coverageSchema":"1a1c01bbd47fc00a2c39e90264f33305004495a9","hash":"d1d6d2897d6e4a6c1486949398e07f00f7d9138f"}
,"C:\\Users\\Hailey Terry\\Documents\\CLASS\\CSC307\\CSC307-ScreenSquad\\expressjs-backend\\controllers\\user-services.js": {"path":"C:\\Users\\Hailey Terry\\Documents\\CLASS\\CSC307\\CSC307-ScreenSquad\\expressjs-backend\\controllers\\user-services.js","statementMap":{"0":{"start":{"line":1,"column":17},"end":{"line":1,"column":36}},"1":{"start":{"line":2,"column":18},"end":{"line":2,"column":43}},"2":{"start":{"line":3,"column":15},"end":{"line":3,"column":32}},"3":{"start":{"line":4,"column":15},"end":{"line":4,"column":32}},"4":{"start":{"line":6,"column":0},"end":{"line":6,"column":16}},"5":{"start":{"line":8,"column":0},"end":{"line":25,"column":40}},"6":{"start":{"line":25,"column":20},"end":{"line":25,"column":38}},"7":{"start":{"line":46,"column":15},"end":{"line":46,"column":37}},"8":{"start":{"line":47,"column":2},"end":{"line":47,"column":16}},"9":{"start":{"line":52,"column":2},"end":{"line":59,"column":3}},"10":{"start":{"line":53,"column":15},"end":{"line":53,"column":48}},"11":{"start":{"line":55,"column":4},"end":{"line":55,"column":16}},"12":{"start":{"line":57,"column":4},"end":{"line":57,"column":23}},"13":{"start":{"line":58,"column":4},"end":{"line":58,"column":21}},"14":{"start":{"line":63,"column":2},"end":{"line":80,"column":3}},"15":{"start":{"line":65,"column":25},"end":{"line":65,"column":58}},"16":{"start":{"line":66,"column":4},"end":{"line":69,"column":5}},"17":{"start":{"line":68,"column":6},"end":{"line":68,"column":35}},"18":{"start":{"line":72,"column":20},"end":{"line":72,"column":39}},"19":{"start":{"line":73,"column":4},"end":{"line":73,"column":25}},"20":{"start":{"line":75,"column":4},"end":{"line":75,"column":42}},"21":{"start":{"line":77,"column":4},"end":{"line":77,"column":23}},"22":{"start":{"line":79,"column":4},"end":{"line":79,"column":26}},"23":{"start":{"line":84,"column":2},"end":{"line":106,"column":3}},"24":{"start":{"line":86,"column":17},"end":{"line":86,"column":45}},"25":{"start":{"line":87,"column":4},"end":{"line":89,"column":5}},"26":{"start":{"line":88,"column":6},"end":{"line":88,"column":40}},"27":{"start":{"line":91,"column":12},"end":{"line":91,"column":13}},"28":{"start":{"line":92,"column":4},"end":{"line":98,"column":5}},"29":{"start":{"line":93,"column":28},"end":{"line":93,"column":35}},"30":{"start":{"line":94,"column":26},"end":{"line":94,"column":82}},"31":{"start":{"line":95,"column":6},"end":{"line":97,"column":7}},"32":{"start":{"line":96,"column":8},"end":{"line":96,"column":14}},"33":{"start":{"line":99,"column":4},"end":{"line":101,"column":5}},"34":{"start":{"line":100,"column":6},"end":{"line":100,"column":40}},"35":{"start":{"line":102,"column":4},"end":{"line":102,"column":29}},"36":{"start":{"line":104,"column":4},"end":{"line":104,"column":23}},"37":{"start":{"line":105,"column":4},"end":{"line":105,"column":26}},"38":{"start":{"line":110,"column":2},"end":{"line":116,"column":3}},"39":{"start":{"line":111,"column":25},"end":{"line":111,"column":74}},"40":{"start":{"line":112,"column":4},"end":{"line":112,"column":24}},"41":{"start":{"line":114,"column":4},"end":{"line":114,"column":23}},"42":{"start":{"line":115,"column":4},"end":{"line":115,"column":17}},"43":{"start":{"line":121,"column":2},"end":{"line":121,"column":48}},"44":{"start":{"line":126,"column":2},"end":{"line":135,"column":3}},"45":{"start":{"line":127,"column":25},"end":{"line":129,"column":6}},"46":{"start":{"line":130,"column":4},"end":{"line":130,"column":37}},"47":{"start":{"line":131,"column":4},"end":{"line":131,"column":24}},"48":{"start":{"line":133,"column":4},"end":{"line":133,"column":23}},"49":{"start":{"line":134,"column":4},"end":{"line":134,"column":17}},"50":{"start":{"line":141,"column":0},"end":{"line":141,"column":36}},"51":{"start":{"line":142,"column":0},"end":{"line":142,"column":26}},"52":{"start":{"line":143,"column":0},"end":{"line":143,"column":32}},"53":{"start":{"line":144,"column":0},"end":{"line":144,"column":30}},"54":{"start":{"line":145,"column":0},"end":{"line":145,"column":34}},"55":{"start":{"line":146,"column":0},"end":{"line":146,"column":28}},"56":{"start":{"line":147,"column":0},"end":{"line":147,"column":42}}},"fnMap":{"0":{"name":"(anonymous_0)","decl":{"start":{"line":25,"column":9},"end":{"line":25,"column":10}},"loc":{"start":{"line":25,"column":20},"end":{"line":25,"column":38}},"line":25},"1":{"name":"getAllUsers","decl":{"start":{"line":45,"column":15},"end":{"line":45,"column":26}},"loc":{"start":{"line":45,"column":29},"end":{"line":48,"column":1}},"line":45},"2":{"name":"findUserById","decl":{"start":{"line":51,"column":15},"end":{"line":51,"column":27}},"loc":{"start":{"line":51,"column":32},"end":{"line":60,"column":1}},"line":51},"3":{"name":"addUser","decl":{"start":{"line":62,"column":15},"end":{"line":62,"column":22}},"loc":{"start":{"line":62,"column":29},"end":{"line":81,"column":1}},"line":62},"4":{"name":"loginUser","decl":{"start":{"line":83,"column":15},"end":{"line":83,"column":24}},"loc":{"start":{"line":83,"column":41},"end":{"line":107,"column":1}},"line":83},"5":{"name":"removeUser","decl":{"start":{"line":109,"column":15},"end":{"line":109,"column":25}},"loc":{"start":{"line":109,"column":35},"end":{"line":117,"column":1}},"line":109},"6":{"name":"findUserByEmail","decl":{"start":{"line":120,"column":15},"end":{"line":120,"column":30}},"loc":{"start":{"line":120,"column":38},"end":{"line":122,"column":1}},"line":120},"7":{"name":"editUser","decl":{"start":{"line":125,"column":15},"end":{"line":125,"column":23}},"loc":{"start":{"line":125,"column":37},"end":{"line":136,"column":1}},"line":125}},"branchMap":{"0":{"loc":{"start":{"line":66,"column":4},"end":{"line":69,"column":5}},"type":"if","locations":[{"start":{"line":66,"column":4},"end":{"line":69,"column":5}},{"start":{},"end":{}}],"line":66},"1":{"loc":{"start":{"line":87,"column":4},"end":{"line":89,"column":5}},"type":"if","locations":[{"start":{"line":87,"column":4},"end":{"line":89,"column":5}},{"start":{},"end":{}}],"line":87},"2":{"loc":{"start":{"line":95,"column":6},"end":{"line":97,"column":7}},"type":"if","locations":[{"start":{"line":95,"column":6},"end":{"line":97,"column":7}},{"start":{},"end":{}}],"line":95},"3":{"loc":{"start":{"line":99,"column":4},"end":{"line":101,"column":5}},"type":"if","locations":[{"start":{"line":99,"column":4},"end":{"line":101,"column":5}},{"start":{},"end":{}}],"line":99}},"s":{"0":1,"1":1,"2":1,"3":1,"4":1,"5":1,"6":0,"7":2,"8":2,"9":2,"10":2,"11":1,"12":1,"13":1,"14":2,"15":2,"16":2,"17":1,"18":1,"19":1,"20":1,"21":0,"22":0,"23":0,"24":0,"25":0,"26":0,"27":0,"28":0,"29":0,"30":0,"31":0,"32":0,"33":0,"34":0,"35":0,"36":0,"37":0,"38":2,"39":2,"40":2,"41":0,"42":0,"43":6,"44":2,"45":2,"46":1,"47":1,"48":1,"49":1,"50":1,"51":1,"52":1,"53":1,"54":1,"55":1,"56":1},"f":{"0":0,"1":2,"2":2,"3":2,"4":0,"5":2,"6":6,"7":2},"b":{"0":[1,1],"1":[0,0],"2":[0,0],"3":[0,0]},"_coverageSchema":"1a1c01bbd47fc00a2c39e90264f33305004495a9","hash":"0c5a5686faac1c9e3ef535991dddd729dfe20bf3"}
,"C:\\Users\\Hailey Terry\\Documents\\CLASS\\CSC307\\CSC307-ScreenSquad\\expressjs-backend\\models\\movie-review.js": {"path":"C:\\Users\\Hailey Terry\\Documents\\CLASS\\CSC307\\CSC307-ScreenSquad\\expressjs-backend\\models\\movie-review.js","statementMap":{"0":{"start":{"line":1,"column":17},"end":{"line":1,"column":36}},"1":{"start":{"line":3,"column":26},"end":{"line":31,"column":1}},"2":{"start":{"line":33,"column":20},"end":{"line":33,"column":68}},"3":{"start":{"line":35,"column":0},"end":{"line":35,"column":29}}},"fnMap":{},"branchMap":{},"s":{"0":1,"1":1,"2":1,"3":1},"f":{},"b":{},"_coverageSchema":"1a1c01bbd47fc00a2c39e90264f33305004495a9","hash":"79ac56939c6366e9298408ce8fbb9a07f6481e53"}
,"C:\\Users\\Hailey Terry\\Documents\\CLASS\\CSC307\\CSC307-ScreenSquad\\expressjs-backend\\models\\user.js": {"path":"C:\\Users\\Hailey Terry\\Documents\\CLASS\\CSC307\\CSC307-ScreenSquad\\expressjs-backend\\models\\user.js","statementMap":{"0":{"start":{"line":1,"column":17},"end":{"line":1,"column":36}},"1":{"start":{"line":3,"column":19},"end":{"line":38,"column":1}},"2":{"start":{"line":15,"column":8},"end":{"line":16,"column":79}},"3":{"start":{"line":16,"column":10},"end":{"line":16,"column":79}},"4":{"start":{"line":17,"column":8},"end":{"line":18,"column":82}},"5":{"start":{"line":18,"column":10},"end":{"line":18,"column":82}},"6":{"start":{"line":26,"column":8},"end":{"line":27,"column":73}},"7":{"start":{"line":27,"column":10},"end":{"line":27,"column":73}},"8":{"start":{"line":40,"column":19},"end":{"line":40,"column":53}},"9":{"start":{"line":42,"column":0},"end":{"line":42,"column":28}}},"fnMap":{"0":{"name":"(anonymous_0)","decl":{"start":{"line":14,"column":6},"end":{"line":14,"column":7}},"loc":{"start":{"line":14,"column":22},"end":{"line":19,"column":7}},"line":14},"1":{"name":"(anonymous_1)","decl":{"start":{"line":25,"column":6},"end":{"line":25,"column":7}},"loc":{"start":{"line":25,"column":22},"end":{"line":28,"column":7}},"line":25}},"branchMap":{"0":{"loc":{"start":{"line":15,"column":8},"end":{"line":16,"column":79}},"type":"if","locations":[{"start":{"line":15,"column":8},"end":{"line":16,"column":79}},{"start":{},"end":{}}],"line":15},"1":{"loc":{"start":{"line":17,"column":8},"end":{"line":18,"column":82}},"type":"if","locations":[{"start":{"line":17,"column":8},"end":{"line":18,"column":82}},{"start":{},"end":{}}],"line":17},"2":{"loc":{"start":{"line":17,"column":12},"end":{"line":17,"column":134}},"type":"binary-expr","locations":[{"start":{"line":17,"column":12},"end":{"line":17,"column":50}},{"start":{"line":17,"column":54},"end":{"line":17,"column":92}},{"start":{"line":17,"column":96},"end":{"line":17,"column":134}}],"line":17},"3":{"loc":{"start":{"line":26,"column":8},"end":{"line":27,"column":73}},"type":"if","locations":[{"start":{"line":26,"column":8},"end":{"line":27,"column":73}},{"start":{},"end":{}}],"line":26}},"s":{"0":1,"1":1,"2":4,"3":1,"4":3,"5":1,"6":4,"7":1,"8":1,"9":1},"f":{"0":4,"1":4},"b":{"0":[1,3],"1":[1,2],"2":[3,1,1],"3":[1,3]},"_coverageSchema":"1a1c01bbd47fc00a2c39e90264f33305004495a9","hash":"22bd8393432731dde3fff5ea592943d97efb9c83"}
,"C:\\Users\\Hailey Terry\\Documents\\CLASS\\CSC307\\CSC307-ScreenSquad\\expressjs-backend\\models\\watchlist.js": {"path":"C:\\Users\\Hailey Terry\\Documents\\CLASS\\CSC307\\CSC307-ScreenSquad\\expressjs-backend\\models\\watchlist.js","statementMap":{"0":{"start":{"line":1,"column":17},"end":{"line":1,"column":36}},"1":{"start":{"line":3,"column":26},"end":{"line":27,"column":1}},"2":{"start":{"line":29,"column":20},"end":{"line":29,"column":68}},"3":{"start":{"line":30,"column":0},"end":{"line":30,"column":29}}},"fnMap":{},"branchMap":{},"s":{"0":1,"1":1,"2":1,"3":1},"f":{},"b":{},"_coverageSchema":"1a1c01bbd47fc00a2c39e90264f33305004495a9","hash":"a6775f060cda61901da1d14679f77909e5b73353"}
}
