TN:
SF:models\movie-review.js
FNF:0
FNH:0
DA:1,1
DA:4,1
DA:30,1
DA:32,1
LF:4
LH:4
BRF:0
BRH:0
end_of_record
TN:
SF:models\user-services.js
FN:26,(anonymous_0)
FN:46,getAllUsers
FN:52,findUserById
FN:63,addUser
FN:84,loginUser
FN:110,removeUser
FN:121,findUserByEmail
FN:126,editUser
FN:142,forgotPassword
FNF:9
FNH:6
FNDA:0,(anonymous_0)
FNDA:1,getAllUsers
FNDA:2,findUserById
FNDA:2,addUser
FNDA:0,loginUser
FNDA:2,removeUser
FNDA:6,findUserByEmail
FNDA:2,editUser
FNDA:0,forgotPassword
DA:1,1
DA:2,1
DA:3,1
DA:4,1
DA:5,1
DA:7,1
DA:9,1
DA:26,0
DA:47,1
DA:48,1
DA:53,2
DA:54,2
DA:56,1
DA:58,1
DA:59,1
DA:64,2
DA:66,2
DA:67,2
DA:69,1
DA:73,1
DA:74,1
DA:76,1
DA:78,0
DA:80,0
DA:85,0
DA:87,0
DA:88,0
DA:89,0
DA:92,0
DA:93,0
DA:94,0
DA:95,0
DA:96,0
DA:97,0
DA:100,0
DA:101,0
DA:103,0
DA:105,0
DA:106,0
DA:111,2
DA:112,2
DA:113,2
DA:115,0
DA:116,0
DA:122,6
DA:127,2
DA:128,2
DA:131,1
DA:132,1
DA:134,1
DA:135,1
DA:143,0
DA:145,0
DA:146,0
DA:147,0
DA:150,0
DA:153,0
DA:155,0
DA:163,0
DA:169,0
DA:171,0
DA:172,0
DA:180,1
DA:181,1
DA:182,1
DA:183,1
DA:184,1
DA:185,1
DA:186,1
DA:187,1
LF:70
LH:39
BRDA:67,0,0,1
BRDA:67,0,1,1
BRDA:88,1,0,0
BRDA:88,1,1,0
BRDA:96,2,0,0
BRDA:96,2,1,0
BRDA:100,3,0,0
BRDA:100,3,1,0
BRDA:146,4,0,0
BRDA:146,4,1,0
BRF:10
BRH:2
end_of_record
TN:
SF:models\user.js
FN:14,(anonymous_0)
FN:25,(anonymous_1)
FNF:2
FNH:2
FNDA:4,(anonymous_0)
FNDA:4,(anonymous_1)
DA:1,1
DA:3,1
DA:15,4
DA:16,1
DA:17,3
DA:18,1
DA:26,4
DA:27,1
DA:40,1
DA:42,1
LF:10
LH:10
BRDA:15,0,0,1
BRDA:15,0,1,3
BRDA:17,1,0,1
BRDA:17,1,1,2
BRDA:17,2,0,3
BRDA:17,2,1,1
BRDA:17,2,2,1
BRDA:26,3,0,1
BRDA:26,3,1,3
BRF:9
BRH:9
end_of_record
