TN:
SF:controllers/user-services.js
FN:25,(anonymous_0)
FN:45,getAllUsers
FN:51,findUserById
FN:62,addUser
FN:83,loginUser
FN:109,removeUser
FN:120,findUserByEmail
FN:125,editUser
FNF:8
FNH:6
FNDA:0,(anonymous_0)
FNDA:1,getAllUsers
FNDA:2,findUserById
FNDA:2,addUser
FNDA:0,loginUser
FNDA:2,removeUser
FNDA:6,findUserByEmail
FNDA:2,editUser
DA:1,1
DA:2,1
DA:3,1
DA:4,1
DA:6,1
DA:8,1
DA:25,0
DA:46,1
DA:47,1
DA:52,2
DA:53,2
DA:55,1
DA:57,1
DA:58,1
DA:63,2
DA:65,2
DA:66,2
DA:68,1
DA:72,1
DA:73,1
DA:75,1
DA:77,0
DA:79,0
DA:84,0
DA:86,0
DA:87,0
DA:88,0
DA:91,0
DA:92,0
DA:93,0
DA:94,0
DA:95,0
DA:96,0
DA:99,0
DA:100,0
DA:102,0
DA:104,0
DA:105,0
DA:110,2
DA:111,2
DA:112,2
DA:114,0
DA:115,0
DA:121,6
DA:126,2
DA:127,2
DA:130,1
DA:131,1
DA:133,1
DA:134,1
DA:141,1
DA:142,1
DA:143,1
DA:144,1
DA:145,1
DA:146,1
DA:147,1
LF:57
LH:37
BRDA:66,0,0,1
BRDA:66,0,1,1
BRDA:87,1,0,0
BRDA:87,1,1,0
BRDA:95,2,0,0
BRDA:95,2,1,0
BRDA:99,3,0,0
BRDA:99,3,1,0
BRF:8
BRH:2
end_of_record
TN:
SF:models/movie-review.js
FNF:0
FNH:0
DA:1,1
DA:3,1
DA:33,1
DA:35,1
LF:4
LH:4
BRF:0
BRH:0
end_of_record
TN:
SF:models/user.js
FN:14,(anonymous_0)
FN:25,(anonymous_1)
FNF:2
FNH:2
FNDA:4,(anonymous_0)
FNDA:4,(anonymous_1)
DA:1,1
DA:3,1
DA:15,4
DA:16,1
DA:17,3
DA:18,1
DA:26,4
DA:27,1
DA:40,1
DA:42,1
LF:10
LH:10
BRDA:15,0,0,1
BRDA:15,0,1,3
BRDA:17,1,0,1
BRDA:17,1,1,2
BRDA:17,2,0,3
BRDA:17,2,1,1
BRDA:17,2,2,1
BRDA:26,3,0,1
BRDA:26,3,1,3
BRF:9
BRH:9
end_of_record
TN:
SF:models/watchlist.js
FNF:0
FNH:0
DA:1,1
DA:3,1
DA:29,1
DA:30,1
LF:4
LH:4
BRF:0
BRH:0
end_of_record
